2020-04-30 09:18:02.977 [main] INFO  com.soft.security.SecurityApplication - Starting SecurityApplication on LAPTOP-GS4QGE3T with PID 4444 (D:\ides_projects\moto_parent\moto_security\target\classes started by sucx in D:\ides_projects\moto_parent)
2020-04-30 09:18:02.998 [main] INFO  com.soft.security.SecurityApplication - The following profiles are active: test
2020-04-30 09:18:06.143 [main] INFO  o.s.d.r.config.RepositoryConfigurationDelegate - Multiple Spring Data modules found, entering strict repository configuration mode!
2020-04-30 09:18:06.152 [main] INFO  o.s.d.r.config.RepositoryConfigurationDelegate - Bootstrapping Spring Data Redis repositories in DEFAULT mode.
2020-04-30 09:18:06.321 [main] INFO  o.s.d.r.config.RepositoryConfigurationDelegate - Finished Spring Data repository scanning in 100ms. Found 0 Redis repository interfaces.
2020-04-30 09:18:07.808 [main] INFO  o.s.c.s.PostProcessorRegistrationDelegate$BeanPostProcessorChecker - Bean 'org.springframework.security.config.annotation.configuration.ObjectPostProcessorConfiguration' of type [org.springframework.security.config.annotation.configuration.ObjectPostProcessorConfiguration] is not eligible for getting processed by all BeanPostProcessors (for example: not eligible for auto-proxying)
2020-04-30 09:18:07.824 [main] INFO  o.s.c.s.PostProcessorRegistrationDelegate$BeanPostProcessorChecker - Bean 'objectPostProcessor' of type [org.springframework.security.config.annotation.configuration.AutowireBeanFactoryObjectPostProcessor] is not eligible for getting processed by all BeanPostProcessors (for example: not eligible for auto-proxying)
2020-04-30 09:18:07.841 [main] INFO  o.s.c.s.PostProcessorRegistrationDelegate$BeanPostProcessorChecker - Bean 'org.springframework.security.access.expression.method.DefaultMethodSecurityExpressionHandler@7272ee51' of type [org.springframework.security.oauth2.provider.expression.OAuth2MethodSecurityExpressionHandler] is not eligible for getting processed by all BeanPostProcessors (for example: not eligible for auto-proxying)
2020-04-30 09:18:07.844 [main] INFO  o.s.c.s.PostProcessorRegistrationDelegate$BeanPostProcessorChecker - Bean 'org.springframework.security.config.annotation.method.configuration.GlobalMethodSecurityConfiguration' of type [org.springframework.security.config.annotation.method.configuration.GlobalMethodSecurityConfiguration] is not eligible for getting processed by all BeanPostProcessors (for example: not eligible for auto-proxying)
2020-04-30 09:18:07.860 [main] INFO  o.s.c.s.PostProcessorRegistrationDelegate$BeanPostProcessorChecker - Bean 'methodSecurityMetadataSource' of type [org.springframework.security.access.method.DelegatingMethodSecurityMetadataSource] is not eligible for getting processed by all BeanPostProcessors (for example: not eligible for auto-proxying)
2020-04-30 09:18:07.878 [main] INFO  o.s.c.s.PostProcessorRegistrationDelegate$BeanPostProcessorChecker - Bean 'redisConfiguration' of type [com.soft.security.config.redis.RedisConfiguration$$EnhancerBySpringCGLIB$$6177b269] is not eligible for getting processed by all BeanPostProcessors (for example: not eligible for auto-proxying)
2020-04-30 09:18:09.342 [main] INFO  o.s.boot.web.embedded.tomcat.TomcatWebServer - Tomcat initialized with port(s): 8080 (http)
2020-04-30 09:18:09.384 [main] INFO  org.apache.coyote.http11.Http11NioProtocol - Initializing ProtocolHandler ["http-nio-8080"]
2020-04-30 09:18:09.385 [main] INFO  org.apache.catalina.core.StandardService - Starting service [Tomcat]
2020-04-30 09:18:09.386 [main] INFO  org.apache.catalina.core.StandardEngine - Starting Servlet engine: [Apache Tomcat/9.0.33]
2020-04-30 09:18:09.706 [main] INFO  o.a.c.core.ContainerBase.[Tomcat].[localhost].[/] - Initializing Spring embedded WebApplicationContext
2020-04-30 09:18:09.706 [main] INFO  org.springframework.web.context.ContextLoader - Root WebApplicationContext: initialization completed in 6536 ms
2020-04-30 09:18:09.961 [main] INFO  com.soft.security.filter.ValidateCodeFilter - ValidateCodeProperties(image=ImageCodeProperties(width=100, height=23, length=4, expireIn=60, url=/auth/login))
2020-04-30 09:18:10.054 [main] INFO  o.s.boot.web.servlet.RegistrationBean - Filter webStatFilter was not registered (possibly already registered?)
2020-04-30 09:18:10.056 [main] INFO  o.s.boot.web.servlet.RegistrationBean - Servlet statViewServlet was not registered (possibly already registered?)
2020-04-30 09:18:13.867 [main] INFO  com.soft.security.filter.ValidateCodeFilter - ValidateCodeProperties(image=ImageCodeProperties(width=100, height=23, length=4, expireIn=60, url=/auth/login))
2020-04-30 09:18:14.022 [main] INFO  o.s.security.web.DefaultSecurityFilterChain - Creating filter chain: any request, [org.springframework.security.web.context.request.async.WebAsyncManagerIntegrationFilter@77648321, org.springframework.security.web.context.SecurityContextPersistenceFilter@61d24347, org.springframework.security.web.header.HeaderWriterFilter@267b678f, org.springframework.security.web.authentication.logout.LogoutFilter@75507e68, com.soft.security.filter.ValidateCodeFilter@64f3991e, org.springframework.security.web.authentication.UsernamePasswordAuthenticationFilter@152d2a58, org.springframework.security.web.savedrequest.RequestCacheAwareFilter@3f78a5ed, org.springframework.security.web.servletapi.SecurityContextHolderAwareRequestFilter@4edd8a0a, org.springframework.security.web.authentication.AnonymousAuthenticationFilter@43201f84, org.springframework.security.web.session.SessionManagementFilter@13731ff4, org.springframework.security.web.access.ExceptionTranslationFilter@67baa05, org.springframework.security.web.access.intercept.FilterSecurityInterceptor@4a34de5e]
2020-04-30 09:18:14.549 [main] INFO  o.s.scheduling.concurrent.ThreadPoolTaskExecutor - Initializing ExecutorService 'applicationTaskExecutor'
2020-04-30 09:18:15.877 [main] INFO  org.apache.coyote.http11.Http11NioProtocol - Starting ProtocolHandler ["http-nio-8080"]
2020-04-30 09:18:15.955 [main] INFO  o.s.boot.web.embedded.tomcat.TomcatWebServer - Tomcat started on port(s): 8080 (http) with context path ''
2020-04-30 09:18:15.962 [main] INFO  com.soft.security.SecurityApplication - Started SecurityApplication in 15.568 seconds (JVM running for 25.263)
2020-04-30 09:18:27.712 [SpringContextShutdownHook] INFO  o.s.scheduling.concurrent.ThreadPoolTaskExecutor - Shutting down ExecutorService 'applicationTaskExecutor'
2020-04-30 14:05:56.183 [main] INFO  com.soft.security.SecurityApplication - Starting SecurityApplication on LAPTOP-GS4QGE3T with PID 7220 (D:\ides_projects\moto_parent\moto_security\target\classes started by sucx in D:\ides_projects\moto_parent)
2020-04-30 14:05:56.220 [main] INFO  com.soft.security.SecurityApplication - The following profiles are active: test
2020-04-30 14:05:58.580 [main] INFO  o.s.d.r.config.RepositoryConfigurationDelegate - Multiple Spring Data modules found, entering strict repository configuration mode!
2020-04-30 14:05:58.590 [main] INFO  o.s.d.r.config.RepositoryConfigurationDelegate - Bootstrapping Spring Data Redis repositories in DEFAULT mode.
2020-04-30 14:05:58.714 [main] INFO  o.s.d.r.config.RepositoryConfigurationDelegate - Finished Spring Data repository scanning in 74ms. Found 0 Redis repository interfaces.
2020-04-30 14:06:00.180 [main] INFO  o.s.c.s.PostProcessorRegistrationDelegate$BeanPostProcessorChecker - Bean 'org.springframework.security.config.annotation.configuration.ObjectPostProcessorConfiguration' of type [org.springframework.security.config.annotation.configuration.ObjectPostProcessorConfiguration] is not eligible for getting processed by all BeanPostProcessors (for example: not eligible for auto-proxying)
2020-04-30 14:06:00.187 [main] INFO  o.s.c.s.PostProcessorRegistrationDelegate$BeanPostProcessorChecker - Bean 'objectPostProcessor' of type [org.springframework.security.config.annotation.configuration.AutowireBeanFactoryObjectPostProcessor] is not eligible for getting processed by all BeanPostProcessors (for example: not eligible for auto-proxying)
2020-04-30 14:06:00.196 [main] INFO  o.s.c.s.PostProcessorRegistrationDelegate$BeanPostProcessorChecker - Bean 'org.springframework.security.access.expression.method.DefaultMethodSecurityExpressionHandler@3e6748ae' of type [org.springframework.security.access.expression.method.DefaultMethodSecurityExpressionHandler] is not eligible for getting processed by all BeanPostProcessors (for example: not eligible for auto-proxying)
2020-04-30 14:06:00.198 [main] INFO  o.s.c.s.PostProcessorRegistrationDelegate$BeanPostProcessorChecker - Bean 'org.springframework.security.config.annotation.method.configuration.GlobalMethodSecurityConfiguration' of type [org.springframework.security.config.annotation.method.configuration.GlobalMethodSecurityConfiguration] is not eligible for getting processed by all BeanPostProcessors (for example: not eligible for auto-proxying)
2020-04-30 14:06:00.214 [main] INFO  o.s.c.s.PostProcessorRegistrationDelegate$BeanPostProcessorChecker - Bean 'methodSecurityMetadataSource' of type [org.springframework.security.access.method.DelegatingMethodSecurityMetadataSource] is not eligible for getting processed by all BeanPostProcessors (for example: not eligible for auto-proxying)
2020-04-30 14:06:00.254 [main] INFO  o.s.c.s.PostProcessorRegistrationDelegate$BeanPostProcessorChecker - Bean 'redisConfiguration' of type [com.soft.security.config.redis.RedisConfiguration$$EnhancerBySpringCGLIB$$360c3004] is not eligible for getting processed by all BeanPostProcessors (for example: not eligible for auto-proxying)
2020-04-30 14:06:01.572 [main] INFO  o.s.boot.web.embedded.tomcat.TomcatWebServer - Tomcat initialized with port(s): 8080 (http)
2020-04-30 14:06:01.601 [main] INFO  org.apache.coyote.http11.Http11NioProtocol - Initializing ProtocolHandler ["http-nio-8080"]
2020-04-30 14:06:01.603 [main] INFO  org.apache.catalina.core.StandardService - Starting service [Tomcat]
2020-04-30 14:06:01.604 [main] INFO  org.apache.catalina.core.StandardEngine - Starting Servlet engine: [Apache Tomcat/9.0.33]
2020-04-30 14:06:01.793 [main] INFO  o.a.c.core.ContainerBase.[Tomcat].[localhost].[/] - Initializing Spring embedded WebApplicationContext
2020-04-30 14:06:01.794 [main] INFO  org.springframework.web.context.ContextLoader - Root WebApplicationContext: initialization completed in 5433 ms
2020-04-30 14:06:01.957 [main] INFO  com.soft.security.filter.ValidateCodeFilter - ValidateCodeProperties(image=ImageCodeProperties(width=100, height=23, length=4, expireIn=60, url=/auth/login))
2020-04-30 14:06:02.021 [main] INFO  o.s.boot.web.servlet.RegistrationBean - Filter webStatFilter was not registered (possibly already registered?)
2020-04-30 14:06:02.023 [main] INFO  o.s.boot.web.servlet.RegistrationBean - Servlet statViewServlet was not registered (possibly already registered?)
2020-04-30 14:06:04.912 [main] INFO  com.soft.security.filter.ValidateCodeFilter - ValidateCodeProperties(image=ImageCodeProperties(width=100, height=23, length=4, expireIn=60, url=/auth/login))
2020-04-30 14:06:05.048 [main] INFO  o.s.security.web.DefaultSecurityFilterChain - Creating filter chain: any request, [org.springframework.security.web.context.request.async.WebAsyncManagerIntegrationFilter@57f83c82, org.springframework.security.web.context.SecurityContextPersistenceFilter@bb38c49, org.springframework.security.web.header.HeaderWriterFilter@638d624a, org.springframework.security.web.authentication.logout.LogoutFilter@129e45eb, com.soft.security.filter.ValidateCodeFilter@432c0f1, org.springframework.security.web.authentication.UsernamePasswordAuthenticationFilter@15c3849f, org.springframework.security.web.savedrequest.RequestCacheAwareFilter@361483eb, org.springframework.security.web.servletapi.SecurityContextHolderAwareRequestFilter@5464aeec, org.springframework.security.web.authentication.AnonymousAuthenticationFilter@7a600e21, org.springframework.security.web.session.SessionManagementFilter@72015156, org.springframework.security.web.access.ExceptionTranslationFilter@48788853, org.springframework.security.web.access.intercept.FilterSecurityInterceptor@630febd7]
2020-04-30 14:06:05.871 [main] INFO  o.s.scheduling.concurrent.ThreadPoolTaskExecutor - Initializing ExecutorService 'applicationTaskExecutor'
2020-04-30 14:06:07.823 [main] INFO  org.apache.coyote.http11.Http11NioProtocol - Starting ProtocolHandler ["http-nio-8080"]
2020-04-30 14:06:07.907 [main] INFO  o.s.boot.web.embedded.tomcat.TomcatWebServer - Tomcat started on port(s): 8080 (http) with context path ''
2020-04-30 14:06:07.917 [main] INFO  com.soft.security.SecurityApplication - Started SecurityApplication in 14.375 seconds (JVM running for 22.439)
2020-04-30 14:06:23.327 [http-nio-8080-exec-1] INFO  o.a.c.core.ContainerBase.[Tomcat].[localhost].[/] - Initializing Spring DispatcherServlet 'dispatcherServlet'
2020-04-30 14:06:23.328 [http-nio-8080-exec-1] INFO  org.springframework.web.servlet.DispatcherServlet - Initializing Servlet 'dispatcherServlet'
2020-04-30 14:06:23.349 [http-nio-8080-exec-1] INFO  org.springframework.web.servlet.DispatcherServlet - Completed initialization in 21 ms
2020-04-30 14:06:23.488 [http-nio-8080-exec-1] INFO  com.soft.security.aop.ControllerAspect - URL : http://localhost:8080/system/code/image
2020-04-30 14:06:23.489 [http-nio-8080-exec-1] INFO  com.soft.security.aop.ControllerAspect - HTTP_METHOD : GET
2020-04-30 14:06:23.489 [http-nio-8080-exec-1] INFO  com.soft.security.aop.ControllerAspect - IP : 0:0:0:0:0:0:0:1
2020-04-30 14:06:23.494 [http-nio-8080-exec-1] INFO  com.soft.security.aop.ControllerAspect - CLASS_METHOD : com.soft.security.controller.ValidateCodeController.createCode
2020-04-30 14:06:23.494 [http-nio-8080-exec-1] INFO  com.soft.security.aop.ControllerAspect - REQUEST_ARGS : [SecurityContextHolderAwareRequestWrapper[ org.springframework.security.web.header.HeaderWriterFilter$HeaderWriterRequest@2a592da5], com.alibaba.druid.support.http.WebStatFilter$StatHttpServletResponseWrapper@61f2ed27]
2020-04-30 14:06:23.988 [http-nio-8080-exec-1] INFO  com.soft.security.aop.ControllerAspect - RESPONSE : null
2020-04-30 14:06:35.005 [SpringContextShutdownHook] INFO  o.s.scheduling.concurrent.ThreadPoolTaskExecutor - Shutting down ExecutorService 'applicationTaskExecutor'
2020-04-30 14:41:07.757 [main] INFO  com.soft.security.SecurityApplication - Starting SecurityApplication on LAPTOP-GS4QGE3T with PID 5364 (D:\ides_projects\moto_parent\moto_security\target\classes started by sucx in D:\ides_projects\moto_parent)
2020-04-30 14:41:07.771 [main] INFO  com.soft.security.SecurityApplication - The following profiles are active: test
2020-04-30 14:41:10.568 [main] INFO  o.s.d.r.config.RepositoryConfigurationDelegate - Multiple Spring Data modules found, entering strict repository configuration mode!
2020-04-30 14:41:10.576 [main] INFO  o.s.d.r.config.RepositoryConfigurationDelegate - Bootstrapping Spring Data Redis repositories in DEFAULT mode.
2020-04-30 14:41:10.780 [main] INFO  o.s.d.r.config.RepositoryConfigurationDelegate - Finished Spring Data repository scanning in 151ms. Found 0 Redis repository interfaces.
2020-04-30 14:41:13.229 [main] INFO  o.s.c.s.PostProcessorRegistrationDelegate$BeanPostProcessorChecker - Bean 'org.springframework.security.config.annotation.configuration.ObjectPostProcessorConfiguration' of type [org.springframework.security.config.annotation.configuration.ObjectPostProcessorConfiguration] is not eligible for getting processed by all BeanPostProcessors (for example: not eligible for auto-proxying)
2020-04-30 14:41:13.241 [main] INFO  o.s.c.s.PostProcessorRegistrationDelegate$BeanPostProcessorChecker - Bean 'objectPostProcessor' of type [org.springframework.security.config.annotation.configuration.AutowireBeanFactoryObjectPostProcessor] is not eligible for getting processed by all BeanPostProcessors (for example: not eligible for auto-proxying)
2020-04-30 14:41:13.260 [main] INFO  o.s.c.s.PostProcessorRegistrationDelegate$BeanPostProcessorChecker - Bean 'org.springframework.security.access.expression.method.DefaultMethodSecurityExpressionHandler@2a136383' of type [org.springframework.security.access.expression.method.DefaultMethodSecurityExpressionHandler] is not eligible for getting processed by all BeanPostProcessors (for example: not eligible for auto-proxying)
2020-04-30 14:41:13.263 [main] INFO  o.s.c.s.PostProcessorRegistrationDelegate$BeanPostProcessorChecker - Bean 'org.springframework.security.config.annotation.method.configuration.GlobalMethodSecurityConfiguration' of type [org.springframework.security.config.annotation.method.configuration.GlobalMethodSecurityConfiguration] is not eligible for getting processed by all BeanPostProcessors (for example: not eligible for auto-proxying)
2020-04-30 14:41:13.292 [main] INFO  o.s.c.s.PostProcessorRegistrationDelegate$BeanPostProcessorChecker - Bean 'methodSecurityMetadataSource' of type [org.springframework.security.access.method.DelegatingMethodSecurityMetadataSource] is not eligible for getting processed by all BeanPostProcessors (for example: not eligible for auto-proxying)
2020-04-30 14:41:13.343 [main] INFO  o.s.c.s.PostProcessorRegistrationDelegate$BeanPostProcessorChecker - Bean 'redisConfiguration' of type [com.soft.security.config.redis.RedisConfiguration$$EnhancerBySpringCGLIB$$b22c4ee0] is not eligible for getting processed by all BeanPostProcessors (for example: not eligible for auto-proxying)
2020-04-30 14:41:15.006 [main] INFO  o.s.boot.web.embedded.tomcat.TomcatWebServer - Tomcat initialized with port(s): 8080 (http)
2020-04-30 14:41:15.048 [main] INFO  org.apache.coyote.http11.Http11NioProtocol - Initializing ProtocolHandler ["http-nio-8080"]
2020-04-30 14:41:15.051 [main] INFO  org.apache.catalina.core.StandardService - Starting service [Tomcat]
2020-04-30 14:41:15.052 [main] INFO  org.apache.catalina.core.StandardEngine - Starting Servlet engine: [Apache Tomcat/9.0.33]
2020-04-30 14:41:15.455 [main] INFO  o.a.c.core.ContainerBase.[Tomcat].[localhost].[/] - Initializing Spring embedded WebApplicationContext
2020-04-30 14:41:15.456 [main] INFO  org.springframework.web.context.ContextLoader - Root WebApplicationContext: initialization completed in 7429 ms
2020-04-30 14:41:15.968 [main] INFO  com.soft.security.filter.ValidateCodeFilter - ValidateCodeProperties(image=ImageCodeProperties(width=100, height=23, length=4, expireIn=60, url=/auth/login))
2020-04-30 14:41:16.437 [main] INFO  o.s.boot.web.servlet.RegistrationBean - Filter webStatFilter was not registered (possibly already registered?)
2020-04-30 14:41:16.442 [main] INFO  o.s.boot.web.servlet.RegistrationBean - Servlet statViewServlet was not registered (possibly already registered?)
2020-04-30 14:41:19.886 [main] INFO  com.soft.security.filter.ValidateCodeFilter - ValidateCodeProperties(image=ImageCodeProperties(width=100, height=23, length=4, expireIn=60, url=/auth/login))
2020-04-30 14:41:20.004 [main] INFO  o.s.security.web.DefaultSecurityFilterChain - Creating filter chain: any request, [org.springframework.security.web.context.request.async.WebAsyncManagerIntegrationFilter@4fe9adfb, org.springframework.security.web.context.SecurityContextPersistenceFilter@634d3439, org.springframework.security.web.header.HeaderWriterFilter@4b74a67a, org.springframework.security.web.authentication.logout.LogoutFilter@110318a7, com.soft.security.filter.ValidateCodeFilter@1de85972, org.springframework.security.web.authentication.UsernamePasswordAuthenticationFilter@42ac309, org.springframework.security.web.savedrequest.RequestCacheAwareFilter@71891d6b, org.springframework.security.web.servletapi.SecurityContextHolderAwareRequestFilter@4d9bccfe, org.springframework.security.web.authentication.AnonymousAuthenticationFilter@f8fe81e, org.springframework.security.web.session.SessionManagementFilter@3b29d36c, org.springframework.security.web.access.ExceptionTranslationFilter@7aa1fb0e, org.springframework.security.web.access.intercept.FilterSecurityInterceptor@32121140]
2020-04-30 14:41:20.839 [main] INFO  o.s.scheduling.concurrent.ThreadPoolTaskExecutor - Initializing ExecutorService 'applicationTaskExecutor'
2020-04-30 14:41:22.551 [main] INFO  org.apache.coyote.http11.Http11NioProtocol - Starting ProtocolHandler ["http-nio-8080"]
2020-04-30 14:41:22.634 [main] INFO  o.s.boot.web.embedded.tomcat.TomcatWebServer - Tomcat started on port(s): 8080 (http) with context path ''
2020-04-30 14:41:22.641 [main] INFO  com.soft.security.SecurityApplication - Started SecurityApplication in 17.324 seconds (JVM running for 30.879)
2020-04-30 14:45:39.730 [SpringContextShutdownHook] INFO  o.s.scheduling.concurrent.ThreadPoolTaskExecutor - Shutting down ExecutorService 'applicationTaskExecutor'
